[2025-03-15T03:30:25.012Z] WebSocket server running on port 3001
[2025-03-15T03:30:25.228Z] A user connected: ZbodPQ9YZby0AQljAAAB
[2025-03-15T03:30:25.317Z] A user connected: MNfs_S3FjPmJWa_SAAAD
[2025-03-15T03:30:37.816Z] User Ama (MNfs_S3FjPmJWa_SAAAD) joined the session.
[2025-03-15T03:30:37.959Z] User Am (MNfs_S3FjPmJWa_SAAAD) joined the session.
[2025-03-15T03:30:38.118Z] User A (MNfs_S3FjPmJWa_SAAAD) joined the session.
[2025-03-15T03:30:39.594Z] User A (MNfs_S3FjPmJWa_SAAAD) joined the session.
[2025-03-15T03:30:39.813Z] User Am (MNfs_S3FjPmJWa_SAAAD) joined the session.
[2025-03-15T03:30:39.867Z] User Ama (MNfs_S3FjPmJWa_SAAAD) joined the session.
[2025-03-15T03:30:40.215Z] User Amar (MNfs_S3FjPmJWa_SAAAD) joined the session.
[2025-03-15T03:30:41.700Z] User Mayu (ZbodPQ9YZby0AQljAAAB) joined the session.
[2025-03-15T03:30:43.020Z] User M (ZbodPQ9YZby0AQljAAAB) joined the session.
[2025-03-15T03:30:43.142Z] User Ma (ZbodPQ9YZby0AQljAAAB) joined the session.
[2025-03-15T03:30:43.293Z] User May (ZbodPQ9YZby0AQljAAAB) joined the session.
[2025-03-15T03:30:43.434Z] User Mayu (ZbodPQ9YZby0AQljAAAB) joined the session.
[2025-03-15T03:30:43.539Z] User Mayur (ZbodPQ9YZby0AQljAAAB) joined the session.
[2025-03-15T03:30:51.431Z] Drawing from user: MNfs_S3FjPmJWa_SAAAD
[2025-03-15T03:30:51.447Z] Drawing from user: MNfs_S3FjPmJWa_SAAAD
[2025-03-15T03:30:51.464Z] Drawing from user: MNfs_S3FjPmJWa_SAAAD
[2025-03-15T03:30:51.481Z] Drawing from user: MNfs_S3FjPmJWa_SAAAD
[2025-03-15T03:30:51.498Z] Drawing from user: MNfs_S3FjPmJWa_SAAAD
[2025-03-15T03:30:51.506Z] Drawing from user: MNfs_S3FjPmJWa_SAAAD
[2025-03-15T03:30:51.523Z] Drawing from user: MNfs_S3FjPmJWa_SAAAD
[2025-03-15T03:30:51.540Z] Drawing from user: MNfs_S3FjPmJWa_SAAAD
[2025-03-15T03:30:51.556Z] Drawing from user: MNfs_S3FjPmJWa_SAAAD
[2025-03-15T03:30:51.573Z] Drawing from user: MNfs_S3FjPmJWa_SAAAD
[2025-03-15T03:30:51.591Z] Drawing from user: MNfs_S3FjPmJWa_SAAAD
[2025-03-15T03:30:51.608Z] Drawing from user: MNfs_S3FjPmJWa_SAAAD
[2025-03-15T03:30:51.624Z] Drawing from user: MNfs_S3FjPmJWa_SAAAD
[2025-03-15T03:30:51.645Z] Drawing from user: MNfs_S3FjPmJWa_SAAAD
[2025-03-15T03:30:51.662Z] Drawing from user: MNfs_S3FjPmJWa_SAAAD
[2025-03-15T03:30:51.674Z] Drawing from user: MNfs_S3FjPmJWa_SAAAD
[2025-03-15T03:30:51.691Z] Drawing from user: MNfs_S3FjPmJWa_SAAAD
[2025-03-15T03:30:51.707Z] Drawing from user: MNfs_S3FjPmJWa_SAAAD
[2025-03-15T03:30:51.723Z] Drawing from user: MNfs_S3FjPmJWa_SAAAD
[2025-03-15T03:30:51.740Z] Drawing from user: MNfs_S3FjPmJWa_SAAAD
[2025-03-15T03:30:51.757Z] Drawing from user: MNfs_S3FjPmJWa_SAAAD
[2025-03-15T03:30:51.774Z] Drawing from user: MNfs_S3FjPmJWa_SAAAD
[2025-03-15T03:30:51.790Z] Drawing from user: MNfs_S3FjPmJWa_SAAAD
[2025-03-15T03:30:51.807Z] Drawing from user: MNfs_S3FjPmJWa_SAAAD
[2025-03-15T03:30:51.824Z] Drawing from user: MNfs_S3FjPmJWa_SAAAD
[2025-03-15T03:30:51.841Z] Drawing from user: MNfs_S3FjPmJWa_SAAAD
[2025-03-15T03:30:51.857Z] Drawing from user: MNfs_S3FjPmJWa_SAAAD
[2025-03-15T03:30:51.874Z] Drawing from user: MNfs_S3FjPmJWa_SAAAD
[2025-03-15T03:30:51.891Z] Drawing from user: MNfs_S3FjPmJWa_SAAAD
[2025-03-15T03:30:51.908Z] Drawing from user: MNfs_S3FjPmJWa_SAAAD
[2025-03-15T03:30:51.925Z] Drawing from user: MNfs_S3FjPmJWa_SAAAD
[2025-03-15T03:30:51.940Z] Drawing from user: MNfs_S3FjPmJWa_SAAAD
[2025-03-15T03:30:51.991Z] Drawing from user: MNfs_S3FjPmJWa_SAAAD
[2025-03-15T03:30:52.012Z] Drawing from user: MNfs_S3FjPmJWa_SAAAD
[2025-03-15T03:30:52.020Z] Drawing from user: MNfs_S3FjPmJWa_SAAAD
[2025-03-15T03:30:52.324Z] Drawing from user: ZbodPQ9YZby0AQljAAAB
[2025-03-15T03:30:52.341Z] Drawing from user: ZbodPQ9YZby0AQljAAAB
[2025-03-15T03:30:52.357Z] Drawing from user: ZbodPQ9YZby0AQljAAAB
[2025-03-15T03:30:52.374Z] Drawing from user: ZbodPQ9YZby0AQljAAAB
[2025-03-15T03:30:52.397Z] Drawing from user: ZbodPQ9YZby0AQljAAAB
[2025-03-15T03:30:52.413Z] Drawing from user: ZbodPQ9YZby0AQljAAAB
[2025-03-15T03:30:52.438Z] Drawing from user: ZbodPQ9YZby0AQljAAAB
[2025-03-15T03:30:52.454Z] Drawing from user: ZbodPQ9YZby0AQljAAAB
[2025-03-15T03:30:52.471Z] Drawing from user: ZbodPQ9YZby0AQljAAAB
[2025-03-15T03:30:52.480Z] Drawing from user: ZbodPQ9YZby0AQljAAAB
[2025-03-15T03:30:52.497Z] Drawing from user: ZbodPQ9YZby0AQljAAAB
[2025-03-15T03:30:52.513Z] Drawing from user: ZbodPQ9YZby0AQljAAAB
[2025-03-15T03:30:52.537Z] Drawing from user: ZbodPQ9YZby0AQljAAAB
[2025-03-15T03:30:52.554Z] Drawing from user: ZbodPQ9YZby0AQljAAAB
[2025-03-15T03:30:52.570Z] Drawing from user: ZbodPQ9YZby0AQljAAAB
[2025-03-15T03:30:52.588Z] Drawing from user: ZbodPQ9YZby0AQljAAAB
[2025-03-15T03:30:52.597Z] Drawing from user: ZbodPQ9YZby0AQljAAAB
[2025-03-15T03:30:52.614Z] Drawing from user: ZbodPQ9YZby0AQljAAAB
[2025-03-15T03:30:52.637Z] Drawing from user: ZbodPQ9YZby0AQljAAAB
[2025-03-15T03:30:52.654Z] Drawing from user: ZbodPQ9YZby0AQljAAAB
[2025-03-15T03:30:52.671Z] Drawing from user: ZbodPQ9YZby0AQljAAAB
[2025-03-15T03:30:52.681Z] Drawing from user: ZbodPQ9YZby0AQljAAAB
[2025-03-15T03:30:52.697Z] Drawing from user: ZbodPQ9YZby0AQljAAAB
[2025-03-15T03:30:52.714Z] Drawing from user: ZbodPQ9YZby0AQljAAAB
[2025-03-15T03:30:52.724Z] Drawing from user: ZbodPQ9YZby0AQljAAAB
[2025-03-15T03:30:52.740Z] Drawing from user: ZbodPQ9YZby0AQljAAAB
[2025-03-15T03:30:52.756Z] Drawing from user: ZbodPQ9YZby0AQljAAAB
[2025-03-15T03:30:52.774Z] Drawing from user: ZbodPQ9YZby0AQljAAAB
[2025-03-15T03:30:52.790Z] Drawing from user: ZbodPQ9YZby0AQljAAAB
[2025-03-15T03:30:52.806Z] Drawing from user: ZbodPQ9YZby0AQljAAAB
[2025-03-15T03:30:52.823Z] Drawing from user: ZbodPQ9YZby0AQljAAAB
[2025-03-15T03:30:52.844Z] Drawing from user: ZbodPQ9YZby0AQljAAAB
[2025-03-15T03:30:52.857Z] Drawing from user: ZbodPQ9YZby0AQljAAAB
[2025-03-15T03:30:52.873Z] Drawing from user: ZbodPQ9YZby0AQljAAAB
[2025-03-15T03:30:52.884Z] Drawing from user: ZbodPQ9YZby0AQljAAAB
[2025-03-15T03:32:09.068Z] User disconnected: MNfs_S3FjPmJWa_SAAAD
[2025-03-15T03:32:09.068Z] User Ama (MNfs_S3FjPmJWa_SAAAD) left the session.
[2025-03-15T03:32:09.250Z] A user connected: _CDjaweFtEsp4kZ6AAAF
[2025-03-15T03:35:34.979Z] User disconnected: _CDjaweFtEsp4kZ6AAAF
[2025-03-15T03:35:34.997Z] A user connected: FF67ycslTUk4zNntAAAH
[2025-03-15T03:35:34.999Z] User disconnected: ZbodPQ9YZby0AQljAAAB
[2025-03-15T03:35:35.000Z] User Mayu (ZbodPQ9YZby0AQljAAAB) left the session.
[2025-03-15T03:35:35.023Z] A user connected: NF6tC1rOyHV2xhjBAAAJ
[2025-03-15T03:36:08.045Z] User disconnected: FF67ycslTUk4zNntAAAH
[2025-03-15T03:36:08.060Z] A user connected: ZFaRGZMLpGQOImWqAAAL
[2025-03-15T03:36:08.068Z] User disconnected: NF6tC1rOyHV2xhjBAAAJ
[2025-03-15T03:36:08.082Z] A user connected: 237kXI3jLRdlx3gMAAAN
[2025-03-15T03:36:28.981Z] User disconnected: 237kXI3jLRdlx3gMAAAN
[2025-03-15T03:36:29.238Z] A user connected: JiDI31V-6O4fNtHCAAAP
[2025-03-15T03:36:33.976Z] User A (JiDI31V-6O4fNtHCAAAP) joined the session.
[2025-03-15T03:36:34.070Z] User Am (JiDI31V-6O4fNtHCAAAP) joined the session.
[2025-03-15T03:36:34.170Z] User Ama (JiDI31V-6O4fNtHCAAAP) joined the session.
[2025-03-15T03:36:34.692Z] User Amar (JiDI31V-6O4fNtHCAAAP) joined the session.
[2025-03-15T03:36:35.631Z] Drawing from user: JiDI31V-6O4fNtHCAAAP
[2025-03-15T03:36:35.651Z] Drawing from user: JiDI31V-6O4fNtHCAAAP
[2025-03-15T03:36:35.665Z] Drawing from user: JiDI31V-6O4fNtHCAAAP
[2025-03-15T03:36:35.681Z] Drawing from user: JiDI31V-6O4fNtHCAAAP
[2025-03-15T03:36:35.698Z] Drawing from user: JiDI31V-6O4fNtHCAAAP
[2025-03-15T03:36:35.715Z] Drawing from user: JiDI31V-6O4fNtHCAAAP
[2025-03-15T03:36:35.724Z] Drawing from user: JiDI31V-6O4fNtHCAAAP
[2025-03-15T03:36:35.740Z] Drawing from user: JiDI31V-6O4fNtHCAAAP
[2025-03-15T03:36:35.757Z] Drawing from user: JiDI31V-6O4fNtHCAAAP
[2025-03-15T03:36:35.774Z] Drawing from user: JiDI31V-6O4fNtHCAAAP
[2025-03-15T03:36:35.790Z] Drawing from user: JiDI31V-6O4fNtHCAAAP
[2025-03-15T03:36:35.807Z] Drawing from user: JiDI31V-6O4fNtHCAAAP
[2025-03-15T03:36:35.823Z] Drawing from user: JiDI31V-6O4fNtHCAAAP
[2025-03-15T03:36:35.840Z] Drawing from user: JiDI31V-6O4fNtHCAAAP
[2025-03-15T03:36:35.857Z] Drawing from user: JiDI31V-6O4fNtHCAAAP
[2025-03-15T03:36:35.868Z] Drawing from user: JiDI31V-6O4fNtHCAAAP
[2025-03-15T03:36:36.586Z] User disconnected: JiDI31V-6O4fNtHCAAAP
[2025-03-15T03:36:36.586Z] User A (JiDI31V-6O4fNtHCAAAP) left the session.
[2025-03-15T03:36:58.971Z] A user connected: 44qq7pyqvcSYLyZyAAAR
[2025-03-15T03:37:00.990Z] User disconnected: 44qq7pyqvcSYLyZyAAAR
[2025-03-15T03:37:01.200Z] A user connected: Oydyu3D8W7fKv2mXAAAT
[2025-03-15T03:37:01.669Z] Drawing from user: Oydyu3D8W7fKv2mXAAAT
[2025-03-15T03:37:01.691Z] Drawing from user: Oydyu3D8W7fKv2mXAAAT
[2025-03-15T03:37:01.702Z] Drawing from user: Oydyu3D8W7fKv2mXAAAT
[2025-03-15T03:37:01.719Z] Drawing from user: Oydyu3D8W7fKv2mXAAAT
[2025-03-15T03:37:01.736Z] Drawing from user: Oydyu3D8W7fKv2mXAAAT
[2025-03-15T03:37:01.752Z] Drawing from user: Oydyu3D8W7fKv2mXAAAT
[2025-03-15T03:37:01.769Z] Drawing from user: Oydyu3D8W7fKv2mXAAAT
[2025-03-15T03:37:01.786Z] Drawing from user: Oydyu3D8W7fKv2mXAAAT
[2025-03-15T03:37:01.803Z] Drawing from user: Oydyu3D8W7fKv2mXAAAT
[2025-03-15T03:37:01.819Z] Drawing from user: Oydyu3D8W7fKv2mXAAAT
[2025-03-15T03:37:01.837Z] Drawing from user: Oydyu3D8W7fKv2mXAAAT
[2025-03-15T03:37:01.852Z] Drawing from user: Oydyu3D8W7fKv2mXAAAT
[2025-03-15T03:37:01.870Z] Drawing from user: Oydyu3D8W7fKv2mXAAAT
[2025-03-15T03:37:01.885Z] Drawing from user: Oydyu3D8W7fKv2mXAAAT
[2025-03-15T03:37:01.903Z] Drawing from user: Oydyu3D8W7fKv2mXAAAT
[2025-03-15T03:37:01.919Z] Drawing from user: Oydyu3D8W7fKv2mXAAAT
[2025-03-15T03:37:01.935Z] Drawing from user: Oydyu3D8W7fKv2mXAAAT
[2025-03-15T03:37:01.952Z] Drawing from user: Oydyu3D8W7fKv2mXAAAT
[2025-03-15T03:37:01.969Z] Drawing from user: Oydyu3D8W7fKv2mXAAAT
[2025-03-15T03:37:01.986Z] Drawing from user: Oydyu3D8W7fKv2mXAAAT
[2025-03-15T03:37:02.002Z] Drawing from user: Oydyu3D8W7fKv2mXAAAT
[2025-03-15T03:37:02.019Z] Drawing from user: Oydyu3D8W7fKv2mXAAAT
[2025-03-15T03:37:02.035Z] Drawing from user: Oydyu3D8W7fKv2mXAAAT
[2025-03-15T03:37:02.052Z] Drawing from user: Oydyu3D8W7fKv2mXAAAT
[2025-03-15T03:37:02.069Z] Drawing from user: Oydyu3D8W7fKv2mXAAAT
[2025-03-15T03:37:02.085Z] Drawing from user: Oydyu3D8W7fKv2mXAAAT
[2025-03-15T03:37:02.102Z] Drawing from user: Oydyu3D8W7fKv2mXAAAT
[2025-03-15T03:37:02.119Z] Drawing from user: Oydyu3D8W7fKv2mXAAAT
[2025-03-15T03:37:02.135Z] Drawing from user: Oydyu3D8W7fKv2mXAAAT
[2025-03-15T03:37:02.152Z] Drawing from user: Oydyu3D8W7fKv2mXAAAT
[2025-03-15T03:37:02.168Z] Drawing from user: Oydyu3D8W7fKv2mXAAAT
[2025-03-15T03:37:02.180Z] Drawing from user: Oydyu3D8W7fKv2mXAAAT
[2025-03-15T03:37:04.853Z] User A (Oydyu3D8W7fKv2mXAAAT) joined the session.
[2025-03-15T03:37:05.039Z] User Am (Oydyu3D8W7fKv2mXAAAT) joined the session.
[2025-03-15T03:37:05.099Z] User Ama (Oydyu3D8W7fKv2mXAAAT) joined the session.
[2025-03-15T03:37:05.349Z] User Amar (Oydyu3D8W7fKv2mXAAAT) joined the session.
[2025-03-15T03:37:05.917Z] Drawing from user: Oydyu3D8W7fKv2mXAAAT
[2025-03-15T03:37:05.936Z] Drawing from user: Oydyu3D8W7fKv2mXAAAT
[2025-03-15T03:37:05.949Z] Drawing from user: Oydyu3D8W7fKv2mXAAAT
[2025-03-15T03:37:05.973Z] Drawing from user: Oydyu3D8W7fKv2mXAAAT
[2025-03-15T03:37:05.989Z] Drawing from user: Oydyu3D8W7fKv2mXAAAT
[2025-03-15T03:37:05.998Z] Drawing from user: Oydyu3D8W7fKv2mXAAAT
[2025-03-15T03:37:06.015Z] Drawing from user: Oydyu3D8W7fKv2mXAAAT
[2025-03-15T03:37:06.031Z] Drawing from user: Oydyu3D8W7fKv2mXAAAT
[2025-03-15T03:37:06.048Z] Drawing from user: Oydyu3D8W7fKv2mXAAAT
[2025-03-15T03:37:06.065Z] Drawing from user: Oydyu3D8W7fKv2mXAAAT
[2025-03-15T03:37:06.082Z] Drawing from user: Oydyu3D8W7fKv2mXAAAT
[2025-03-15T03:37:06.099Z] Drawing from user: Oydyu3D8W7fKv2mXAAAT
[2025-03-15T03:37:06.115Z] Drawing from user: Oydyu3D8W7fKv2mXAAAT
[2025-03-15T03:37:06.132Z] Drawing from user: Oydyu3D8W7fKv2mXAAAT
[2025-03-15T03:37:06.148Z] Drawing from user: Oydyu3D8W7fKv2mXAAAT
[2025-03-15T03:37:06.165Z] Drawing from user: Oydyu3D8W7fKv2mXAAAT
[2025-03-15T03:37:06.181Z] Drawing from user: Oydyu3D8W7fKv2mXAAAT
[2025-03-15T03:37:06.198Z] Drawing from user: Oydyu3D8W7fKv2mXAAAT
[2025-03-15T03:37:06.215Z] Drawing from user: Oydyu3D8W7fKv2mXAAAT
[2025-03-15T03:37:06.232Z] Drawing from user: Oydyu3D8W7fKv2mXAAAT
[2025-03-15T03:37:06.248Z] Drawing from user: Oydyu3D8W7fKv2mXAAAT
[2025-03-15T03:37:06.265Z] Drawing from user: Oydyu3D8W7fKv2mXAAAT
[2025-03-15T03:37:06.282Z] Drawing from user: Oydyu3D8W7fKv2mXAAAT
[2025-03-15T03:37:06.298Z] Drawing from user: Oydyu3D8W7fKv2mXAAAT
[2025-03-15T03:37:06.300Z] Drawing from user: Oydyu3D8W7fKv2mXAAAT
[2025-03-15T03:37:06.927Z] User disconnected: Oydyu3D8W7fKv2mXAAAT
[2025-03-15T03:37:06.927Z] User A (Oydyu3D8W7fKv2mXAAAT) left the session.
[2025-03-15T03:37:46.008Z] User disconnected: ZFaRGZMLpGQOImWqAAAL
[2025-03-15T03:37:46.233Z] A user connected: GP-2AOwkdMHZE7_eAAAV
[2025-03-15T03:39:24.397Z] A user connected: isSAK6Bqgfvu1qr5AAAX
[2025-03-15T03:39:44.444Z] User disconnected: GP-2AOwkdMHZE7_eAAAV
[2025-03-15T03:39:44.445Z] User disconnected: isSAK6Bqgfvu1qr5AAAX
[2025-03-15T03:40:19.482Z] A user connected: SDFrr5mOv7RQlaevAAAa
[2025-03-15T03:40:19.524Z] A user connected: GOP5HjXfTGBZhTkAAAAb
[2025-03-15T03:40:54.323Z] User disconnected: GOP5HjXfTGBZhTkAAAAb
[2025-03-15T03:40:54.519Z] A user connected: am6z3XhUSQytSEW3AAAd
[2025-03-15T03:41:00.233Z] User disconnected: SDFrr5mOv7RQlaevAAAa
[2025-03-15T03:41:00.468Z] A user connected: DOdGqhRs4iru3ZYRAAAf
[2025-03-15T03:41:02.004Z] Drawing from user: am6z3XhUSQytSEW3AAAd
[2025-03-15T03:41:02.026Z] Drawing from user: am6z3XhUSQytSEW3AAAd
[2025-03-15T03:41:02.038Z] Drawing from user: am6z3XhUSQytSEW3AAAd
[2025-03-15T03:41:02.054Z] Drawing from user: am6z3XhUSQytSEW3AAAd
[2025-03-15T03:41:02.078Z] Drawing from user: am6z3XhUSQytSEW3AAAd
[2025-03-15T03:41:02.094Z] Drawing from user: am6z3XhUSQytSEW3AAAd
[2025-03-15T03:41:02.104Z] Drawing from user: am6z3XhUSQytSEW3AAAd
[2025-03-15T03:41:02.121Z] Drawing from user: am6z3XhUSQytSEW3AAAd
[2025-03-15T03:41:02.137Z] Drawing from user: am6z3XhUSQytSEW3AAAd
[2025-03-15T03:41:02.154Z] Drawing from user: am6z3XhUSQytSEW3AAAd
[2025-03-15T03:41:02.170Z] Drawing from user: am6z3XhUSQytSEW3AAAd
[2025-03-15T03:41:02.193Z] Drawing from user: am6z3XhUSQytSEW3AAAd
[2025-03-15T03:41:02.204Z] Drawing from user: am6z3XhUSQytSEW3AAAd
[2025-03-15T03:41:02.220Z] Drawing from user: am6z3XhUSQytSEW3AAAd
[2025-03-15T03:41:02.237Z] Drawing from user: am6z3XhUSQytSEW3AAAd
[2025-03-15T03:41:02.254Z] Drawing from user: am6z3XhUSQytSEW3AAAd
[2025-03-15T03:41:02.270Z] Drawing from user: am6z3XhUSQytSEW3AAAd
[2025-03-15T03:41:02.304Z] Drawing from user: am6z3XhUSQytSEW3AAAd
[2025-03-15T03:41:03.204Z] Drawing from user: DOdGqhRs4iru3ZYRAAAf
[2025-03-15T03:41:03.225Z] Drawing from user: DOdGqhRs4iru3ZYRAAAf
[2025-03-15T03:41:03.237Z] Drawing from user: DOdGqhRs4iru3ZYRAAAf
[2025-03-15T03:41:03.260Z] Drawing from user: DOdGqhRs4iru3ZYRAAAf
[2025-03-15T03:41:03.276Z] Drawing from user: DOdGqhRs4iru3ZYRAAAf
[2025-03-15T03:41:03.285Z] Drawing from user: DOdGqhRs4iru3ZYRAAAf
[2025-03-15T03:41:03.302Z] Drawing from user: DOdGqhRs4iru3ZYRAAAf
[2025-03-15T03:41:03.327Z] Drawing from user: DOdGqhRs4iru3ZYRAAAf
[2025-03-15T03:41:03.344Z] Drawing from user: DOdGqhRs4iru3ZYRAAAf
[2025-03-15T03:41:03.352Z] Drawing from user: DOdGqhRs4iru3ZYRAAAf
[2025-03-15T03:41:03.369Z] Drawing from user: DOdGqhRs4iru3ZYRAAAf
[2025-03-15T03:41:03.385Z] Drawing from user: DOdGqhRs4iru3ZYRAAAf
[2025-03-15T03:41:03.402Z] Drawing from user: DOdGqhRs4iru3ZYRAAAf
[2025-03-15T03:41:03.419Z] Drawing from user: DOdGqhRs4iru3ZYRAAAf
[2025-03-15T03:41:03.442Z] Drawing from user: DOdGqhRs4iru3ZYRAAAf
[2025-03-15T03:41:03.453Z] Drawing from user: DOdGqhRs4iru3ZYRAAAf
[2025-03-15T03:41:03.469Z] Drawing from user: DOdGqhRs4iru3ZYRAAAf
[2025-03-15T03:41:05.319Z] User A (am6z3XhUSQytSEW3AAAd) joined the session.
[2025-03-15T03:41:05.539Z] User Am (am6z3XhUSQytSEW3AAAd) joined the session.
[2025-03-15T03:41:05.608Z] User Ama (am6z3XhUSQytSEW3AAAd) joined the session.
[2025-03-15T03:41:06.151Z] User Amar (am6z3XhUSQytSEW3AAAd) joined the session.
[2025-03-15T03:41:06.599Z] User Amarn (am6z3XhUSQytSEW3AAAd) joined the session.
[2025-03-15T03:41:06.741Z] User Amarna (am6z3XhUSQytSEW3AAAd) joined the session.
[2025-03-15T03:41:06.896Z] User Amarnat (am6z3XhUSQytSEW3AAAd) joined the session.
[2025-03-15T03:41:07.062Z] User Amarnath (am6z3XhUSQytSEW3AAAd) joined the session.
[2025-03-15T03:41:10.821Z] User M (DOdGqhRs4iru3ZYRAAAf) joined the session.
[2025-03-15T03:41:10.951Z] User Ma (DOdGqhRs4iru3ZYRAAAf) joined the session.
[2025-03-15T03:41:11.098Z] User May (DOdGqhRs4iru3ZYRAAAf) joined the session.
[2025-03-15T03:41:11.256Z] User Mayu (DOdGqhRs4iru3ZYRAAAf) joined the session.
[2025-03-15T03:41:11.358Z] User Mayur (DOdGqhRs4iru3ZYRAAAf) joined the session.
[2025-03-15T03:43:00.055Z] User disconnected: DOdGqhRs4iru3ZYRAAAf
[2025-03-15T03:43:00.056Z] User M (DOdGqhRs4iru3ZYRAAAf) left the session.
[2025-03-15T03:43:00.278Z] A user connected: 2mGSrc_5OXbMNOS4AAAh
[2025-03-15T03:43:02.509Z] User disconnected: am6z3XhUSQytSEW3AAAd
[2025-03-15T03:43:02.509Z] User A (am6z3XhUSQytSEW3AAAd) left the session.
[2025-03-15T03:43:02.749Z] A user connected: gfNQGngM7CgNsvI0AAAj
[2025-03-15T03:43:20.894Z] User Amarnath (2mGSrc_5OXbMNOS4AAAh) joined the session.
[2025-03-15T03:43:42.715Z] WebSocket server running on port 3001
[2025-03-15T03:43:43.335Z] A user connected: eckv9dylwEqo38hoAAAB
[2025-03-15T03:43:44.112Z] A user connected: iJ-tyR7ESITnbAIpAAAD
[2025-03-15T03:43:52.731Z] User disconnected: eckv9dylwEqo38hoAAAB
[2025-03-15T03:43:52.936Z] A user connected: 98eJt6pikdK_0q0sAAAF
[2025-03-15T03:43:58.063Z] User Amar (98eJt6pikdK_0q0sAAAF) joined the session.
[2025-03-15T03:44:06.444Z] User disconnected: iJ-tyR7ESITnbAIpAAAD
[2025-03-15T03:44:06.647Z] A user connected: 44zpLJwSywxlXeFLAAAH
[2025-03-15T03:44:10.093Z] User Mayur (44zpLJwSywxlXeFLAAAH) joined the session.
[2025-03-15T03:44:16.894Z] Drawing from user: 44zpLJwSywxlXeFLAAAH
[2025-03-15T03:44:16.916Z] Drawing from user: 44zpLJwSywxlXeFLAAAH
[2025-03-15T03:44:16.928Z] Drawing from user: 44zpLJwSywxlXeFLAAAH
[2025-03-15T03:44:16.951Z] Drawing from user: 44zpLJwSywxlXeFLAAAH
[2025-03-15T03:44:16.967Z] Drawing from user: 44zpLJwSywxlXeFLAAAH
[2025-03-15T03:44:16.976Z] Drawing from user: 44zpLJwSywxlXeFLAAAH
[2025-03-15T03:44:16.993Z] Drawing from user: 44zpLJwSywxlXeFLAAAH
[2025-03-15T03:44:17.010Z] Drawing from user: 44zpLJwSywxlXeFLAAAH
[2025-03-15T03:44:17.026Z] Drawing from user: 44zpLJwSywxlXeFLAAAH
[2025-03-15T03:44:17.043Z] Drawing from user: 44zpLJwSywxlXeFLAAAH
[2025-03-15T03:44:17.060Z] Drawing from user: 44zpLJwSywxlXeFLAAAH
[2025-03-15T03:44:17.077Z] Drawing from user: 44zpLJwSywxlXeFLAAAH
[2025-03-15T03:44:17.094Z] Drawing from user: 44zpLJwSywxlXeFLAAAH
[2025-03-15T03:44:17.111Z] Drawing from user: 44zpLJwSywxlXeFLAAAH
[2025-03-15T03:44:17.126Z] Drawing from user: 44zpLJwSywxlXeFLAAAH
[2025-03-15T03:44:17.143Z] Drawing from user: 44zpLJwSywxlXeFLAAAH
[2025-03-15T03:44:17.160Z] Drawing from user: 44zpLJwSywxlXeFLAAAH
[2025-03-15T03:44:17.176Z] Drawing from user: 44zpLJwSywxlXeFLAAAH
[2025-03-15T03:44:17.193Z] Drawing from user: 44zpLJwSywxlXeFLAAAH
[2025-03-15T03:44:17.210Z] Drawing from user: 44zpLJwSywxlXeFLAAAH
[2025-03-15T03:44:17.227Z] Drawing from user: 44zpLJwSywxlXeFLAAAH
[2025-03-15T03:44:17.244Z] Drawing from user: 44zpLJwSywxlXeFLAAAH
[2025-03-15T03:44:17.260Z] Drawing from user: 44zpLJwSywxlXeFLAAAH
[2025-03-15T03:44:17.277Z] Drawing from user: 44zpLJwSywxlXeFLAAAH
[2025-03-15T03:44:17.294Z] Drawing from user: 44zpLJwSywxlXeFLAAAH
[2025-03-15T03:44:17.310Z] Drawing from user: 44zpLJwSywxlXeFLAAAH
[2025-03-15T03:44:17.327Z] Drawing from user: 44zpLJwSywxlXeFLAAAH
[2025-03-15T03:44:17.344Z] Drawing from user: 44zpLJwSywxlXeFLAAAH
[2025-03-15T03:44:17.360Z] Drawing from user: 44zpLJwSywxlXeFLAAAH
[2025-03-15T03:44:17.377Z] Drawing from user: 44zpLJwSywxlXeFLAAAH
[2025-03-15T03:44:17.394Z] Drawing from user: 44zpLJwSywxlXeFLAAAH
[2025-03-15T03:44:17.410Z] Drawing from user: 44zpLJwSywxlXeFLAAAH
[2025-03-15T03:44:17.427Z] Drawing from user: 44zpLJwSywxlXeFLAAAH
[2025-03-15T03:44:17.444Z] Drawing from user: 44zpLJwSywxlXeFLAAAH
[2025-03-15T03:44:17.460Z] Drawing from user: 44zpLJwSywxlXeFLAAAH
[2025-03-15T03:44:17.477Z] Drawing from user: 44zpLJwSywxlXeFLAAAH
[2025-03-15T03:44:17.494Z] Drawing from user: 44zpLJwSywxlXeFLAAAH
[2025-03-15T03:44:17.509Z] Drawing from user: 44zpLJwSywxlXeFLAAAH
[2025-03-15T03:44:17.526Z] Drawing from user: 44zpLJwSywxlXeFLAAAH
[2025-03-15T03:44:17.543Z] Drawing from user: 44zpLJwSywxlXeFLAAAH
[2025-03-15T03:44:17.560Z] Drawing from user: 44zpLJwSywxlXeFLAAAH
[2025-03-15T03:44:17.576Z] Drawing from user: 44zpLJwSywxlXeFLAAAH
[2025-03-15T03:44:17.594Z] Drawing from user: 44zpLJwSywxlXeFLAAAH
[2025-03-15T03:44:17.610Z] Drawing from user: 44zpLJwSywxlXeFLAAAH
[2025-03-15T03:44:17.626Z] Drawing from user: 44zpLJwSywxlXeFLAAAH
[2025-03-15T03:44:17.643Z] Drawing from user: 44zpLJwSywxlXeFLAAAH
[2025-03-15T03:44:17.660Z] Drawing from user: 44zpLJwSywxlXeFLAAAH
[2025-03-15T03:44:17.676Z] Drawing from user: 44zpLJwSywxlXeFLAAAH
[2025-03-15T03:44:17.693Z] Drawing from user: 44zpLJwSywxlXeFLAAAH
[2025-03-15T03:44:17.709Z] Drawing from user: 44zpLJwSywxlXeFLAAAH
[2025-03-15T03:44:17.726Z] Drawing from user: 44zpLJwSywxlXeFLAAAH
[2025-03-15T03:44:17.742Z] Drawing from user: 44zpLJwSywxlXeFLAAAH
[2025-03-15T03:44:17.759Z] Drawing from user: 44zpLJwSywxlXeFLAAAH
[2025-03-15T03:44:17.776Z] Drawing from user: 44zpLJwSywxlXeFLAAAH
[2025-03-15T03:44:17.793Z] Drawing from user: 44zpLJwSywxlXeFLAAAH
[2025-03-15T03:44:17.810Z] Drawing from user: 44zpLJwSywxlXeFLAAAH
[2025-03-15T03:44:17.826Z] Drawing from user: 44zpLJwSywxlXeFLAAAH
[2025-03-15T03:44:17.843Z] Drawing from user: 44zpLJwSywxlXeFLAAAH
[2025-03-15T03:44:17.860Z] Drawing from user: 44zpLJwSywxlXeFLAAAH
[2025-03-15T03:44:17.876Z] Drawing from user: 44zpLJwSywxlXeFLAAAH
[2025-03-15T03:44:17.893Z] Drawing from user: 44zpLJwSywxlXeFLAAAH
[2025-03-15T03:44:17.910Z] Drawing from user: 44zpLJwSywxlXeFLAAAH
[2025-03-15T03:44:17.926Z] Drawing from user: 44zpLJwSywxlXeFLAAAH
[2025-03-15T03:44:17.943Z] Drawing from user: 44zpLJwSywxlXeFLAAAH
[2025-03-15T03:44:17.959Z] Drawing from user: 44zpLJwSywxlXeFLAAAH
[2025-03-15T03:44:18.009Z] Drawing from user: 44zpLJwSywxlXeFLAAAH
[2025-03-15T03:44:18.025Z] Drawing from user: 44zpLJwSywxlXeFLAAAH
[2025-03-15T03:44:18.043Z] Drawing from user: 44zpLJwSywxlXeFLAAAH
[2025-03-15T03:44:18.060Z] Drawing from user: 44zpLJwSywxlXeFLAAAH
[2025-03-15T03:44:18.076Z] Drawing from user: 44zpLJwSywxlXeFLAAAH
[2025-03-15T03:44:18.093Z] Drawing from user: 44zpLJwSywxlXeFLAAAH
[2025-03-15T03:44:18.109Z] Drawing from user: 44zpLJwSywxlXeFLAAAH
[2025-03-15T03:44:18.126Z] Drawing from user: 44zpLJwSywxlXeFLAAAH
[2025-03-15T03:44:18.142Z] Drawing from user: 44zpLJwSywxlXeFLAAAH
[2025-03-15T03:44:18.159Z] Drawing from user: 44zpLJwSywxlXeFLAAAH
[2025-03-15T03:44:18.176Z] Drawing from user: 44zpLJwSywxlXeFLAAAH
[2025-03-15T03:44:18.193Z] Drawing from user: 44zpLJwSywxlXeFLAAAH
[2025-03-15T03:44:18.209Z] Drawing from user: 44zpLJwSywxlXeFLAAAH
[2025-03-15T03:44:18.226Z] Drawing from user: 44zpLJwSywxlXeFLAAAH
[2025-03-15T03:44:18.243Z] Drawing from user: 44zpLJwSywxlXeFLAAAH
[2025-03-15T03:44:18.259Z] Drawing from user: 44zpLJwSywxlXeFLAAAH
[2025-03-15T03:44:18.276Z] Drawing from user: 44zpLJwSywxlXeFLAAAH
[2025-03-15T03:44:18.292Z] Drawing from user: 44zpLJwSywxlXeFLAAAH
[2025-03-15T03:44:18.309Z] Drawing from user: 44zpLJwSywxlXeFLAAAH
[2025-03-15T03:44:18.326Z] Drawing from user: 44zpLJwSywxlXeFLAAAH
[2025-03-15T03:44:18.342Z] Drawing from user: 44zpLJwSywxlXeFLAAAH
[2025-03-15T03:44:18.359Z] Drawing from user: 44zpLJwSywxlXeFLAAAH
[2025-03-15T03:44:18.376Z] Drawing from user: 44zpLJwSywxlXeFLAAAH
[2025-03-15T03:44:18.393Z] Drawing from user: 44zpLJwSywxlXeFLAAAH
[2025-03-15T03:44:18.410Z] Drawing from user: 44zpLJwSywxlXeFLAAAH
[2025-03-15T03:44:18.427Z] Drawing from user: 44zpLJwSywxlXeFLAAAH
[2025-03-15T03:44:18.443Z] Drawing from user: 44zpLJwSywxlXeFLAAAH
[2025-03-15T03:44:18.460Z] Drawing from user: 44zpLJwSywxlXeFLAAAH
[2025-03-15T03:44:18.477Z] Drawing from user: 44zpLJwSywxlXeFLAAAH
[2025-03-15T03:44:18.493Z] Drawing from user: 44zpLJwSywxlXeFLAAAH
[2025-03-15T03:44:18.509Z] Drawing from user: 44zpLJwSywxlXeFLAAAH
[2025-03-15T03:44:18.526Z] Drawing from user: 44zpLJwSywxlXeFLAAAH
[2025-03-15T03:44:18.542Z] Drawing from user: 44zpLJwSywxlXeFLAAAH
[2025-03-15T03:44:18.559Z] Drawing from user: 44zpLJwSywxlXeFLAAAH
[2025-03-15T03:44:18.576Z] Drawing from user: 44zpLJwSywxlXeFLAAAH
[2025-03-15T03:44:18.592Z] Drawing from user: 44zpLJwSywxlXeFLAAAH
[2025-03-15T03:44:18.609Z] Drawing from user: 44zpLJwSywxlXeFLAAAH
[2025-03-15T03:44:18.626Z] Drawing from user: 44zpLJwSywxlXeFLAAAH
[2025-03-15T03:44:18.643Z] Drawing from user: 44zpLJwSywxlXeFLAAAH
[2025-03-15T03:44:18.659Z] Drawing from user: 44zpLJwSywxlXeFLAAAH
[2025-03-15T03:44:18.677Z] Drawing from user: 44zpLJwSywxlXeFLAAAH
[2025-03-15T03:44:18.693Z] Drawing from user: 44zpLJwSywxlXeFLAAAH
[2025-03-15T03:44:18.709Z] Drawing from user: 44zpLJwSywxlXeFLAAAH
[2025-03-15T03:44:18.725Z] Drawing from user: 44zpLJwSywxlXeFLAAAH
[2025-03-15T03:44:18.742Z] Drawing from user: 44zpLJwSywxlXeFLAAAH
[2025-03-15T03:44:18.759Z] Drawing from user: 44zpLJwSywxlXeFLAAAH
[2025-03-15T03:44:18.776Z] Drawing from user: 44zpLJwSywxlXeFLAAAH
[2025-03-15T03:44:18.792Z] Drawing from user: 44zpLJwSywxlXeFLAAAH
[2025-03-15T03:44:18.809Z] Drawing from user: 44zpLJwSywxlXeFLAAAH
[2025-03-15T03:44:18.825Z] Drawing from user: 44zpLJwSywxlXeFLAAAH
[2025-03-15T03:44:18.842Z] Drawing from user: 44zpLJwSywxlXeFLAAAH
[2025-03-15T03:44:18.859Z] Drawing from user: 44zpLJwSywxlXeFLAAAH
[2025-03-15T03:44:18.876Z] Drawing from user: 44zpLJwSywxlXeFLAAAH
[2025-03-15T03:44:18.892Z] Drawing from user: 44zpLJwSywxlXeFLAAAH
[2025-03-15T03:44:18.908Z] Drawing from user: 44zpLJwSywxlXeFLAAAH
[2025-03-15T03:44:18.925Z] Drawing from user: 44zpLJwSywxlXeFLAAAH
[2025-03-15T03:44:18.942Z] Drawing from user: 44zpLJwSywxlXeFLAAAH
[2025-03-15T03:44:18.959Z] Drawing from user: 44zpLJwSywxlXeFLAAAH
[2025-03-15T03:44:18.975Z] Drawing from user: 44zpLJwSywxlXeFLAAAH
[2025-03-15T03:44:18.992Z] Drawing from user: 44zpLJwSywxlXeFLAAAH
[2025-03-15T03:44:19.010Z] Drawing from user: 44zpLJwSywxlXeFLAAAH
[2025-03-15T03:44:19.026Z] Drawing from user: 44zpLJwSywxlXeFLAAAH
[2025-03-15T03:44:19.042Z] Drawing from user: 44zpLJwSywxlXeFLAAAH
[2025-03-15T03:44:19.060Z] Drawing from user: 44zpLJwSywxlXeFLAAAH
[2025-03-15T03:44:19.076Z] Drawing from user: 44zpLJwSywxlXeFLAAAH
[2025-03-15T03:44:19.092Z] Drawing from user: 44zpLJwSywxlXeFLAAAH
[2025-03-15T03:44:19.109Z] Drawing from user: 44zpLJwSywxlXeFLAAAH
[2025-03-15T03:44:19.125Z] Drawing from user: 44zpLJwSywxlXeFLAAAH
[2025-03-15T03:44:19.142Z] Drawing from user: 44zpLJwSywxlXeFLAAAH
[2025-03-15T03:44:19.159Z] Drawing from user: 44zpLJwSywxlXeFLAAAH
[2025-03-15T03:44:19.175Z] Drawing from user: 44zpLJwSywxlXeFLAAAH
[2025-03-15T03:44:19.192Z] Drawing from user: 44zpLJwSywxlXeFLAAAH
[2025-03-15T03:44:19.208Z] Drawing from user: 44zpLJwSywxlXeFLAAAH
[2025-03-15T03:44:19.225Z] Drawing from user: 44zpLJwSywxlXeFLAAAH
[2025-03-15T03:44:19.242Z] Drawing from user: 44zpLJwSywxlXeFLAAAH
[2025-03-15T03:44:19.258Z] Drawing from user: 44zpLJwSywxlXeFLAAAH
[2025-03-15T03:44:19.275Z] Drawing from user: 44zpLJwSywxlXeFLAAAH
[2025-03-15T03:44:19.292Z] Drawing from user: 44zpLJwSywxlXeFLAAAH
[2025-03-15T03:44:19.309Z] Drawing from user: 44zpLJwSywxlXeFLAAAH
[2025-03-15T03:44:19.326Z] Drawing from user: 44zpLJwSywxlXeFLAAAH
[2025-03-15T03:44:19.342Z] Drawing from user: 44zpLJwSywxlXeFLAAAH
[2025-03-15T03:44:19.359Z] Drawing from user: 44zpLJwSywxlXeFLAAAH
[2025-03-15T03:44:19.375Z] Drawing from user: 44zpLJwSywxlXeFLAAAH
[2025-03-15T03:44:19.391Z] Drawing from user: 44zpLJwSywxlXeFLAAAH
[2025-03-15T03:44:19.408Z] Drawing from user: 44zpLJwSywxlXeFLAAAH
[2025-03-15T03:44:19.425Z] Drawing from user: 44zpLJwSywxlXeFLAAAH
[2025-03-15T03:44:19.442Z] Drawing from user: 44zpLJwSywxlXeFLAAAH
[2025-03-15T03:44:19.458Z] Drawing from user: 44zpLJwSywxlXeFLAAAH
[2025-03-15T03:44:19.475Z] Drawing from user: 44zpLJwSywxlXeFLAAAH
[2025-03-15T03:44:19.492Z] Drawing from user: 44zpLJwSywxlXeFLAAAH
[2025-03-15T03:44:19.508Z] Drawing from user: 44zpLJwSywxlXeFLAAAH
[2025-03-15T03:44:19.525Z] Drawing from user: 44zpLJwSywxlXeFLAAAH
[2025-03-15T03:44:19.543Z] Drawing from user: 44zpLJwSywxlXeFLAAAH
[2025-03-15T03:44:19.558Z] Drawing from user: 44zpLJwSywxlXeFLAAAH
[2025-03-15T03:44:19.575Z] Drawing from user: 44zpLJwSywxlXeFLAAAH
[2025-03-15T03:44:19.591Z] Drawing from user: 44zpLJwSywxlXeFLAAAH
[2025-03-15T03:44:19.608Z] Drawing from user: 44zpLJwSywxlXeFLAAAH
[2025-03-15T03:44:19.625Z] Drawing from user: 44zpLJwSywxlXeFLAAAH
[2025-03-15T03:44:19.642Z] Drawing from user: 44zpLJwSywxlXeFLAAAH
[2025-03-15T03:44:19.658Z] Drawing from user: 44zpLJwSywxlXeFLAAAH
[2025-03-15T03:44:19.675Z] Drawing from user: 44zpLJwSywxlXeFLAAAH
[2025-03-15T03:44:19.691Z] Drawing from user: 44zpLJwSywxlXeFLAAAH
[2025-03-15T03:44:19.708Z] Drawing from user: 44zpLJwSywxlXeFLAAAH
[2025-03-15T03:44:19.725Z] Drawing from user: 44zpLJwSywxlXeFLAAAH
[2025-03-15T03:44:19.742Z] Drawing from user: 44zpLJwSywxlXeFLAAAH
[2025-03-15T03:44:19.759Z] Drawing from user: 44zpLJwSywxlXeFLAAAH
[2025-03-15T03:44:19.777Z] Drawing from user: 44zpLJwSywxlXeFLAAAH
[2025-03-15T03:44:19.792Z] Drawing from user: 44zpLJwSywxlXeFLAAAH
[2025-03-15T03:44:19.809Z] Drawing from user: 44zpLJwSywxlXeFLAAAH
[2025-03-15T03:44:19.824Z] Drawing from user: 44zpLJwSywxlXeFLAAAH
[2025-03-15T03:44:19.841Z] Drawing from user: 44zpLJwSywxlXeFLAAAH
[2025-03-15T03:44:19.859Z] Drawing from user: 44zpLJwSywxlXeFLAAAH
[2025-03-15T03:44:19.874Z] Drawing from user: 44zpLJwSywxlXeFLAAAH
[2025-03-15T03:44:19.891Z] Drawing from user: 44zpLJwSywxlXeFLAAAH
[2025-03-15T03:44:19.908Z] Drawing from user: 44zpLJwSywxlXeFLAAAH
[2025-03-15T03:44:19.925Z] Drawing from user: 44zpLJwSywxlXeFLAAAH
[2025-03-15T03:44:19.958Z] Drawing from user: 44zpLJwSywxlXeFLAAAH
[2025-03-15T03:44:19.974Z] Drawing from user: 44zpLJwSywxlXeFLAAAH
[2025-03-15T03:44:19.991Z] Drawing from user: 44zpLJwSywxlXeFLAAAH
[2025-03-15T03:44:20.008Z] Drawing from user: 44zpLJwSywxlXeFLAAAH
[2025-03-15T03:44:20.024Z] Drawing from user: 44zpLJwSywxlXeFLAAAH
[2025-03-15T03:44:20.041Z] Drawing from user: 44zpLJwSywxlXeFLAAAH
[2025-03-15T03:44:20.058Z] Drawing from user: 44zpLJwSywxlXeFLAAAH
[2025-03-15T03:44:20.075Z] Drawing from user: 44zpLJwSywxlXeFLAAAH
[2025-03-15T03:44:20.091Z] Drawing from user: 44zpLJwSywxlXeFLAAAH
[2025-03-15T03:44:20.107Z] Drawing from user: 44zpLJwSywxlXeFLAAAH
[2025-03-15T03:44:20.124Z] Drawing from user: 44zpLJwSywxlXeFLAAAH
[2025-03-15T03:44:20.141Z] Drawing from user: 44zpLJwSywxlXeFLAAAH
[2025-03-15T03:44:20.158Z] Drawing from user: 44zpLJwSywxlXeFLAAAH
[2025-03-15T03:44:20.174Z] Drawing from user: 44zpLJwSywxlXeFLAAAH
[2025-03-15T03:44:20.191Z] Drawing from user: 44zpLJwSywxlXeFLAAAH
[2025-03-15T03:44:20.207Z] Drawing from user: 44zpLJwSywxlXeFLAAAH
[2025-03-15T03:44:20.224Z] Drawing from user: 44zpLJwSywxlXeFLAAAH
[2025-03-15T03:44:20.242Z] Drawing from user: 44zpLJwSywxlXeFLAAAH
[2025-03-15T03:44:20.258Z] Drawing from user: 44zpLJwSywxlXeFLAAAH
[2025-03-15T03:44:20.274Z] Drawing from user: 44zpLJwSywxlXeFLAAAH
[2025-03-15T03:44:20.291Z] Drawing from user: 44zpLJwSywxlXeFLAAAH
[2025-03-15T03:44:20.308Z] Drawing from user: 44zpLJwSywxlXeFLAAAH
[2025-03-15T03:44:20.324Z] Drawing from user: 44zpLJwSywxlXeFLAAAH
[2025-03-15T03:44:20.342Z] Drawing from user: 44zpLJwSywxlXeFLAAAH
[2025-03-15T03:44:20.357Z] Drawing from user: 44zpLJwSywxlXeFLAAAH
[2025-03-15T03:44:20.374Z] Drawing from user: 44zpLJwSywxlXeFLAAAH
[2025-03-15T03:44:20.390Z] Drawing from user: 44zpLJwSywxlXeFLAAAH
[2025-03-15T03:44:20.408Z] Drawing from user: 44zpLJwSywxlXeFLAAAH
[2025-03-15T03:44:20.440Z] Drawing from user: 44zpLJwSywxlXeFLAAAH
[2025-03-15T03:44:20.458Z] Drawing from user: 44zpLJwSywxlXeFLAAAH
[2025-03-15T03:44:20.507Z] Drawing from user: 44zpLJwSywxlXeFLAAAH
[2025-03-15T03:44:20.523Z] Drawing from user: 44zpLJwSywxlXeFLAAAH
[2025-03-15T03:44:20.541Z] Drawing from user: 44zpLJwSywxlXeFLAAAH
[2025-03-15T03:44:20.557Z] Drawing from user: 44zpLJwSywxlXeFLAAAH
[2025-03-15T03:44:20.574Z] Drawing from user: 44zpLJwSywxlXeFLAAAH
[2025-03-15T03:44:20.590Z] Drawing from user: 44zpLJwSywxlXeFLAAAH
[2025-03-15T03:44:22.019Z] Drawing from user: 98eJt6pikdK_0q0sAAAF
[2025-03-15T03:44:22.037Z] Drawing from user: 98eJt6pikdK_0q0sAAAF
[2025-03-15T03:44:22.046Z] Drawing from user: 98eJt6pikdK_0q0sAAAF
[2025-03-15T03:44:22.063Z] Drawing from user: 98eJt6pikdK_0q0sAAAF
[2025-03-15T03:44:22.080Z] Drawing from user: 98eJt6pikdK_0q0sAAAF
[2025-03-15T03:44:22.096Z] Drawing from user: 98eJt6pikdK_0q0sAAAF
[2025-03-15T03:44:22.118Z] Drawing from user: 98eJt6pikdK_0q0sAAAF
[2025-03-15T03:44:22.135Z] Drawing from user: 98eJt6pikdK_0q0sAAAF
[2025-03-15T03:44:22.152Z] Drawing from user: 98eJt6pikdK_0q0sAAAF
[2025-03-15T03:44:22.168Z] Drawing from user: 98eJt6pikdK_0q0sAAAF
[2025-03-15T03:44:22.179Z] Drawing from user: 98eJt6pikdK_0q0sAAAF
[2025-03-15T03:44:22.196Z] Drawing from user: 98eJt6pikdK_0q0sAAAF
[2025-03-15T03:44:22.220Z] Drawing from user: 98eJt6pikdK_0q0sAAAF
[2025-03-15T03:44:22.235Z] Drawing from user: 98eJt6pikdK_0q0sAAAF
[2025-03-15T03:44:22.253Z] Drawing from user: 98eJt6pikdK_0q0sAAAF
[2025-03-15T03:44:22.269Z] Drawing from user: 98eJt6pikdK_0q0sAAAF
[2025-03-15T03:44:22.279Z] Drawing from user: 98eJt6pikdK_0q0sAAAF
[2025-03-15T03:44:22.296Z] Drawing from user: 98eJt6pikdK_0q0sAAAF
[2025-03-15T03:44:22.305Z] Drawing from user: 98eJt6pikdK_0q0sAAAF
[2025-03-15T03:44:22.322Z] Drawing from user: 98eJt6pikdK_0q0sAAAF
[2025-03-15T03:44:22.339Z] Drawing from user: 98eJt6pikdK_0q0sAAAF
[2025-03-15T03:44:22.356Z] Drawing from user: 98eJt6pikdK_0q0sAAAF
[2025-03-15T03:44:22.373Z] Drawing from user: 98eJt6pikdK_0q0sAAAF
[2025-03-15T03:44:22.389Z] Drawing from user: 98eJt6pikdK_0q0sAAAF
[2025-03-15T03:44:22.406Z] Drawing from user: 98eJt6pikdK_0q0sAAAF
[2025-03-15T03:44:22.422Z] Drawing from user: 98eJt6pikdK_0q0sAAAF
[2025-03-15T03:44:22.439Z] Drawing from user: 98eJt6pikdK_0q0sAAAF
[2025-03-15T03:44:22.456Z] Drawing from user: 98eJt6pikdK_0q0sAAAF
[2025-03-15T03:44:22.472Z] Drawing from user: 98eJt6pikdK_0q0sAAAF
[2025-03-15T03:44:22.490Z] Drawing from user: 98eJt6pikdK_0q0sAAAF
[2025-03-15T03:44:22.507Z] Drawing from user: 98eJt6pikdK_0q0sAAAF
[2025-03-15T03:44:22.522Z] Drawing from user: 98eJt6pikdK_0q0sAAAF
[2025-03-15T03:44:22.539Z] Drawing from user: 98eJt6pikdK_0q0sAAAF
[2025-03-15T03:44:22.556Z] Drawing from user: 98eJt6pikdK_0q0sAAAF
[2025-03-15T03:44:22.572Z] Drawing from user: 98eJt6pikdK_0q0sAAAF
[2025-03-15T03:44:22.589Z] Drawing from user: 98eJt6pikdK_0q0sAAAF
[2025-03-15T03:44:22.605Z] Drawing from user: 98eJt6pikdK_0q0sAAAF
[2025-03-15T03:44:22.622Z] Drawing from user: 98eJt6pikdK_0q0sAAAF
[2025-03-15T03:44:22.640Z] Drawing from user: 98eJt6pikdK_0q0sAAAF
[2025-03-15T03:44:22.655Z] Drawing from user: 98eJt6pikdK_0q0sAAAF
[2025-03-15T03:44:22.672Z] Drawing from user: 98eJt6pikdK_0q0sAAAF
[2025-03-15T03:44:22.689Z] Drawing from user: 98eJt6pikdK_0q0sAAAF
[2025-03-15T03:44:22.692Z] Drawing from user: 98eJt6pikdK_0q0sAAAF
[2025-03-15T03:44:27.951Z] Drawing from user: 98eJt6pikdK_0q0sAAAF
[2025-03-15T03:44:27.969Z] Drawing from user: 98eJt6pikdK_0q0sAAAF
[2025-03-15T03:44:27.984Z] Drawing from user: 98eJt6pikdK_0q0sAAAF
[2025-03-15T03:44:28.008Z] Drawing from user: 98eJt6pikdK_0q0sAAAF
[2025-03-15T03:44:28.025Z] Drawing from user: 98eJt6pikdK_0q0sAAAF
[2025-03-15T03:44:28.033Z] Drawing from user: 98eJt6pikdK_0q0sAAAF
[2025-03-15T03:44:28.050Z] Drawing from user: 98eJt6pikdK_0q0sAAAF
[2025-03-15T03:44:28.066Z] Drawing from user: 98eJt6pikdK_0q0sAAAF
[2025-03-15T03:44:28.083Z] Drawing from user: 98eJt6pikdK_0q0sAAAF
[2025-03-15T03:44:28.099Z] Drawing from user: 98eJt6pikdK_0q0sAAAF
[2025-03-15T03:44:28.118Z] Drawing from user: 98eJt6pikdK_0q0sAAAF
[2025-03-15T03:44:28.134Z] Drawing from user: 98eJt6pikdK_0q0sAAAF
[2025-03-15T03:44:28.151Z] Drawing from user: 98eJt6pikdK_0q0sAAAF
[2025-03-15T03:44:28.168Z] Drawing from user: 98eJt6pikdK_0q0sAAAF
[2025-03-15T03:44:28.185Z] Drawing from user: 98eJt6pikdK_0q0sAAAF
[2025-03-15T03:44:28.201Z] Drawing from user: 98eJt6pikdK_0q0sAAAF
[2025-03-15T03:44:28.218Z] Drawing from user: 98eJt6pikdK_0q0sAAAF
[2025-03-15T03:44:28.234Z] Drawing from user: 98eJt6pikdK_0q0sAAAF
[2025-03-15T03:44:28.251Z] Drawing from user: 98eJt6pikdK_0q0sAAAF
[2025-03-15T03:44:28.268Z] Drawing from user: 98eJt6pikdK_0q0sAAAF
[2025-03-15T03:44:28.284Z] Drawing from user: 98eJt6pikdK_0q0sAAAF
[2025-03-15T03:44:28.301Z] Drawing from user: 98eJt6pikdK_0q0sAAAF
[2025-03-15T03:44:28.318Z] Drawing from user: 98eJt6pikdK_0q0sAAAF
[2025-03-15T03:44:28.334Z] Drawing from user: 98eJt6pikdK_0q0sAAAF
[2025-03-15T03:44:28.351Z] Drawing from user: 98eJt6pikdK_0q0sAAAF
[2025-03-15T03:44:28.368Z] Drawing from user: 98eJt6pikdK_0q0sAAAF
[2025-03-15T03:44:28.384Z] Drawing from user: 98eJt6pikdK_0q0sAAAF
[2025-03-15T03:44:28.401Z] Drawing from user: 98eJt6pikdK_0q0sAAAF
[2025-03-15T03:44:28.417Z] Drawing from user: 98eJt6pikdK_0q0sAAAF
[2025-03-15T03:44:28.434Z] Drawing from user: 98eJt6pikdK_0q0sAAAF
[2025-03-15T03:44:28.450Z] Drawing from user: 98eJt6pikdK_0q0sAAAF
[2025-03-15T03:44:28.468Z] Drawing from user: 98eJt6pikdK_0q0sAAAF
[2025-03-15T03:44:28.484Z] Drawing from user: 98eJt6pikdK_0q0sAAAF
[2025-03-15T03:44:28.500Z] Drawing from user: 98eJt6pikdK_0q0sAAAF
[2025-03-15T03:44:28.518Z] Drawing from user: 98eJt6pikdK_0q0sAAAF
[2025-03-15T03:44:28.534Z] Drawing from user: 98eJt6pikdK_0q0sAAAF
[2025-03-15T03:44:28.550Z] Drawing from user: 98eJt6pikdK_0q0sAAAF
[2025-03-15T03:44:28.567Z] Drawing from user: 98eJt6pikdK_0q0sAAAF
[2025-03-15T03:44:28.584Z] Drawing from user: 98eJt6pikdK_0q0sAAAF
[2025-03-15T03:44:28.601Z] Drawing from user: 98eJt6pikdK_0q0sAAAF
[2025-03-15T03:44:28.617Z] Drawing from user: 98eJt6pikdK_0q0sAAAF
[2025-03-15T03:44:28.634Z] Drawing from user: 98eJt6pikdK_0q0sAAAF
[2025-03-15T03:44:28.651Z] Drawing from user: 98eJt6pikdK_0q0sAAAF
[2025-03-15T03:44:28.667Z] Drawing from user: 98eJt6pikdK_0q0sAAAF
[2025-03-15T03:44:28.684Z] Drawing from user: 98eJt6pikdK_0q0sAAAF
[2025-03-15T03:44:28.701Z] Drawing from user: 98eJt6pikdK_0q0sAAAF
[2025-03-15T03:44:28.718Z] Drawing from user: 98eJt6pikdK_0q0sAAAF
[2025-03-15T03:44:28.734Z] Drawing from user: 98eJt6pikdK_0q0sAAAF
[2025-03-15T03:44:28.751Z] Drawing from user: 98eJt6pikdK_0q0sAAAF
[2025-03-15T03:44:28.768Z] Drawing from user: 98eJt6pikdK_0q0sAAAF
[2025-03-15T03:44:28.784Z] Drawing from user: 98eJt6pikdK_0q0sAAAF
[2025-03-15T03:44:28.801Z] Drawing from user: 98eJt6pikdK_0q0sAAAF
[2025-03-15T03:44:28.818Z] Drawing from user: 98eJt6pikdK_0q0sAAAF
[2025-03-15T03:44:28.834Z] Drawing from user: 98eJt6pikdK_0q0sAAAF
[2025-03-15T03:44:28.851Z] Drawing from user: 98eJt6pikdK_0q0sAAAF
[2025-03-15T03:44:28.868Z] Drawing from user: 98eJt6pikdK_0q0sAAAF
[2025-03-15T03:44:28.884Z] Drawing from user: 98eJt6pikdK_0q0sAAAF
[2025-03-15T03:44:28.892Z] Drawing from user: 98eJt6pikdK_0q0sAAAF
[2025-03-15T03:44:31.532Z] Drawing from user: 98eJt6pikdK_0q0sAAAF
[2025-03-15T03:44:31.551Z] Drawing from user: 98eJt6pikdK_0q0sAAAF
[2025-03-15T03:44:31.566Z] Drawing from user: 98eJt6pikdK_0q0sAAAF
[2025-03-15T03:44:31.581Z] Drawing from user: 98eJt6pikdK_0q0sAAAF
[2025-03-15T03:44:31.598Z] Drawing from user: 98eJt6pikdK_0q0sAAAF
[2025-03-15T03:44:31.614Z] Drawing from user: 98eJt6pikdK_0q0sAAAF
[2025-03-15T03:44:31.631Z] Drawing from user: 98eJt6pikdK_0q0sAAAF
[2025-03-15T03:44:31.648Z] Drawing from user: 98eJt6pikdK_0q0sAAAF
[2025-03-15T03:44:31.665Z] Drawing from user: 98eJt6pikdK_0q0sAAAF
[2025-03-15T03:44:31.681Z] Drawing from user: 98eJt6pikdK_0q0sAAAF
[2025-03-15T03:44:31.698Z] Drawing from user: 98eJt6pikdK_0q0sAAAF
[2025-03-15T03:44:31.715Z] Drawing from user: 98eJt6pikdK_0q0sAAAF
[2025-03-15T03:44:31.732Z] Drawing from user: 98eJt6pikdK_0q0sAAAF
[2025-03-15T03:44:31.748Z] Drawing from user: 98eJt6pikdK_0q0sAAAF
[2025-03-15T03:44:31.764Z] Drawing from user: 98eJt6pikdK_0q0sAAAF
[2025-03-15T03:44:31.782Z] Drawing from user: 98eJt6pikdK_0q0sAAAF
[2025-03-15T03:44:31.798Z] Drawing from user: 98eJt6pikdK_0q0sAAAF
[2025-03-15T03:44:31.815Z] Drawing from user: 98eJt6pikdK_0q0sAAAF
[2025-03-15T03:44:31.832Z] Drawing from user: 98eJt6pikdK_0q0sAAAF
[2025-03-15T03:44:31.848Z] Drawing from user: 98eJt6pikdK_0q0sAAAF
[2025-03-15T03:44:31.865Z] Drawing from user: 98eJt6pikdK_0q0sAAAF
[2025-03-15T03:44:31.883Z] Drawing from user: 98eJt6pikdK_0q0sAAAF
[2025-03-15T03:44:31.899Z] Drawing from user: 98eJt6pikdK_0q0sAAAF
[2025-03-15T03:44:31.915Z] Drawing from user: 98eJt6pikdK_0q0sAAAF
[2025-03-15T03:44:31.932Z] Drawing from user: 98eJt6pikdK_0q0sAAAF
[2025-03-15T03:44:31.949Z] Drawing from user: 98eJt6pikdK_0q0sAAAF
[2025-03-15T03:44:31.965Z] Drawing from user: 98eJt6pikdK_0q0sAAAF
[2025-03-15T03:44:31.981Z] Drawing from user: 98eJt6pikdK_0q0sAAAF
[2025-03-15T03:44:31.998Z] Drawing from user: 98eJt6pikdK_0q0sAAAF
[2025-03-15T03:44:32.015Z] Drawing from user: 98eJt6pikdK_0q0sAAAF
[2025-03-15T03:44:32.032Z] Drawing from user: 98eJt6pikdK_0q0sAAAF
[2025-03-15T03:44:32.048Z] Drawing from user: 98eJt6pikdK_0q0sAAAF
[2025-03-15T03:44:32.066Z] Drawing from user: 98eJt6pikdK_0q0sAAAF
[2025-03-15T03:44:32.082Z] Drawing from user: 98eJt6pikdK_0q0sAAAF
[2025-03-15T03:44:32.099Z] Drawing from user: 98eJt6pikdK_0q0sAAAF
[2025-03-15T03:44:32.115Z] Drawing from user: 98eJt6pikdK_0q0sAAAF
[2025-03-15T03:44:32.132Z] Drawing from user: 98eJt6pikdK_0q0sAAAF
[2025-03-15T03:44:32.198Z] Drawing from user: 98eJt6pikdK_0q0sAAAF
[2025-03-15T03:44:32.215Z] Drawing from user: 98eJt6pikdK_0q0sAAAF
[2025-03-15T03:44:32.232Z] Drawing from user: 98eJt6pikdK_0q0sAAAF
[2025-03-15T03:44:32.254Z] Drawing from user: 98eJt6pikdK_0q0sAAAF
[2025-03-15T03:44:32.271Z] Drawing from user: 98eJt6pikdK_0q0sAAAF
[2025-03-15T03:44:32.282Z] Drawing from user: 98eJt6pikdK_0q0sAAAF
[2025-03-15T03:44:32.298Z] Drawing from user: 98eJt6pikdK_0q0sAAAF
[2025-03-15T03:44:32.315Z] Drawing from user: 98eJt6pikdK_0q0sAAAF
[2025-03-15T03:44:32.331Z] Drawing from user: 98eJt6pikdK_0q0sAAAF
[2025-03-15T03:44:32.348Z] Drawing from user: 98eJt6pikdK_0q0sAAAF
[2025-03-15T03:44:32.365Z] Drawing from user: 98eJt6pikdK_0q0sAAAF
[2025-03-15T03:44:32.381Z] Drawing from user: 98eJt6pikdK_0q0sAAAF
[2025-03-15T03:44:32.397Z] Drawing from user: 98eJt6pikdK_0q0sAAAF
[2025-03-15T03:44:32.414Z] Drawing from user: 98eJt6pikdK_0q0sAAAF
[2025-03-15T03:44:32.448Z] Drawing from user: 98eJt6pikdK_0q0sAAAF
[2025-03-15T03:44:32.481Z] Drawing from user: 98eJt6pikdK_0q0sAAAF
[2025-03-15T03:44:32.498Z] Drawing from user: 98eJt6pikdK_0q0sAAAF
[2025-03-15T03:44:32.516Z] Drawing from user: 98eJt6pikdK_0q0sAAAF
[2025-03-15T03:44:32.531Z] Drawing from user: 98eJt6pikdK_0q0sAAAF
[2025-03-15T03:44:32.548Z] Drawing from user: 98eJt6pikdK_0q0sAAAF
[2025-03-15T03:44:32.564Z] Drawing from user: 98eJt6pikdK_0q0sAAAF
[2025-03-15T03:44:32.581Z] Drawing from user: 98eJt6pikdK_0q0sAAAF
[2025-03-15T03:44:32.598Z] Drawing from user: 98eJt6pikdK_0q0sAAAF
[2025-03-15T03:44:32.614Z] Drawing from user: 98eJt6pikdK_0q0sAAAF
[2025-03-15T03:44:32.631Z] Drawing from user: 98eJt6pikdK_0q0sAAAF
[2025-03-15T03:44:32.647Z] Drawing from user: 98eJt6pikdK_0q0sAAAF
[2025-03-15T03:44:32.664Z] Drawing from user: 98eJt6pikdK_0q0sAAAF
[2025-03-15T03:44:32.681Z] Drawing from user: 98eJt6pikdK_0q0sAAAF
[2025-03-15T03:44:32.697Z] Drawing from user: 98eJt6pikdK_0q0sAAAF
[2025-03-15T03:44:32.715Z] Drawing from user: 98eJt6pikdK_0q0sAAAF
[2025-03-15T03:44:32.730Z] Drawing from user: 98eJt6pikdK_0q0sAAAF
[2025-03-15T03:44:32.747Z] Drawing from user: 98eJt6pikdK_0q0sAAAF
[2025-03-15T03:44:32.764Z] Drawing from user: 98eJt6pikdK_0q0sAAAF
[2025-03-15T03:44:32.780Z] Drawing from user: 98eJt6pikdK_0q0sAAAF
[2025-03-15T03:44:32.797Z] Drawing from user: 98eJt6pikdK_0q0sAAAF
[2025-03-15T03:44:32.814Z] Drawing from user: 98eJt6pikdK_0q0sAAAF
[2025-03-15T03:44:32.830Z] Drawing from user: 98eJt6pikdK_0q0sAAAF
[2025-03-15T03:44:32.848Z] Drawing from user: 98eJt6pikdK_0q0sAAAF
[2025-03-15T03:44:32.864Z] Drawing from user: 98eJt6pikdK_0q0sAAAF
[2025-03-15T03:44:32.880Z] Drawing from user: 98eJt6pikdK_0q0sAAAF
[2025-03-15T03:44:32.897Z] Drawing from user: 98eJt6pikdK_0q0sAAAF
[2025-03-15T03:44:32.913Z] Drawing from user: 98eJt6pikdK_0q0sAAAF
[2025-03-15T03:44:32.933Z] Drawing from user: 98eJt6pikdK_0q0sAAAF
[2025-03-15T03:44:32.948Z] Drawing from user: 98eJt6pikdK_0q0sAAAF
[2025-03-15T03:44:32.965Z] Drawing from user: 98eJt6pikdK_0q0sAAAF
[2025-03-15T03:44:32.981Z] Drawing from user: 98eJt6pikdK_0q0sAAAF
[2025-03-15T03:44:32.998Z] Drawing from user: 98eJt6pikdK_0q0sAAAF
[2025-03-15T03:44:33.014Z] Drawing from user: 98eJt6pikdK_0q0sAAAF
[2025-03-15T03:44:33.030Z] Drawing from user: 98eJt6pikdK_0q0sAAAF
[2025-03-15T03:44:33.130Z] Drawing from user: 98eJt6pikdK_0q0sAAAF
[2025-03-15T03:44:33.147Z] Drawing from user: 98eJt6pikdK_0q0sAAAF
[2025-03-15T03:44:33.163Z] Drawing from user: 98eJt6pikdK_0q0sAAAF
[2025-03-15T03:44:33.180Z] Drawing from user: 98eJt6pikdK_0q0sAAAF
[2025-03-15T03:44:33.196Z] Drawing from user: 98eJt6pikdK_0q0sAAAF
[2025-03-15T03:44:33.204Z] Drawing from user: 98eJt6pikdK_0q0sAAAF
[2025-03-15T03:45:11.612Z] User disconnected: 98eJt6pikdK_0q0sAAAF
[2025-03-15T03:45:11.613Z] User Amar (98eJt6pikdK_0q0sAAAF) left the session.
[2025-03-15T03:45:11.616Z] User disconnected: 44zpLJwSywxlXeFLAAAH
[2025-03-15T03:45:11.616Z] User Mayur (44zpLJwSywxlXeFLAAAH) left the session.
[2025-03-15T03:46:05.992Z] A user connected: nli-hRc54N8KlZdLAAAK
[2025-03-15T03:46:05.998Z] A user connected: oetUydU5kQ8l0HZGAAAL
[2025-03-15T03:46:06.395Z] User disconnected: oetUydU5kQ8l0HZGAAAL
[2025-03-15T03:46:06.560Z] User disconnected: nli-hRc54N8KlZdLAAAK
[2025-03-15T03:46:06.631Z] A user connected: LIVOU8QZjH1-LEd4AAAN
[2025-03-15T03:46:06.806Z] A user connected: hxZNa1p4xDMTDkwWAAAP
[2025-03-15T03:46:18.370Z] User disconnected: hxZNa1p4xDMTDkwWAAAP
[2025-03-15T03:46:18.373Z] User disconnected: LIVOU8QZjH1-LEd4AAAN
[2025-03-15T03:46:41.027Z] A user connected: Qc0uzqTt2mPmO7x1AAAR
[2025-03-15T03:46:41.095Z] A user connected: Q8foWt6e68v-80urAAAT
